<?xml version="1.0" encoding="UTF-8"?>
<!-- Generated by org.testng.reporters.JUnitReportReporter -->
<testsuite skipped="0" hostname="NB-056" name="ru.job4j.calculator.ConverterTest" tests="2" failures="0" timestamp="14 июн 2018 09:31:46 GMT" time="0.012" errors="0">
  <testcase name="when70RubleToEuroThen1" time="0.001" classname="ru.job4j.calculator.ConverterTest"/>
  <testcase name="when60RubleToDollarThen1" time="0.011" classname="ru.job4j.calculator.ConverterTest"/>
</testsuite> <!-- ru.job4j.calculator.ConverterTest -->
